<?xml version="1.0" encoding="UTF-8"?>
<testng-results skipped="0" failed="0" total="1" passed="1">
  <reporter-output>
  </reporter-output>
  <suite name="Default suite" duration-ms="5343" started-at="2017-03-06T05:06:52Z" finished-at="2017-03-06T05:06:57Z">
    <groups>
    </groups>
    <test name="Default test" duration-ms="5343" started-at="2017-03-06T05:06:52Z" finished-at="2017-03-06T05:06:57Z">
      <class name="com.test.TestNGMaven">
        <test-method status="PASS" signature="First()[pri:0, instance:com.test.TestNGMaven@2b98378d]" name="First" is-config="true" duration-ms="2994" started-at="2017-03-06T10:36:52Z" finished-at="2017-03-06T10:36:55Z">
          <reporter-output>
          </reporter-output>
        </test-method> <!-- First -->
        <test-method status="PASS" signature="start()[pri:0, instance:com.test.TestNGMaven@2b98378d]" name="start" duration-ms="2334" started-at="2017-03-06T10:36:55Z" finished-at="2017-03-06T10:36:57Z">
          <reporter-output>
          </reporter-output>
        </test-method> <!-- start -->
      </class> <!-- com.test.TestNGMaven -->
    </test> <!-- Default test -->
  </suite> <!-- Default suite -->
</testng-results>
